[34mwebapp:build: [0mcache hit, replaying output [2m0e5dd779563eed8d[0m
[34mwebapp:build: [0m
[34mwebapp:build: [0m> webapp@0.1.0 build
[34mwebapp:build: [0m> next build
[34mwebapp:build: [0m
[34mwebapp:build: [0minfo  - Loaded env from /home/nick/projects/ono/apps/webapp/.env.production.local
[34mwebapp:build: [0minfo  - Checking validity of types...
[34mwebapp:build: [0merror - ESLint: Plugin "@next/next" was conflicted between ".eslintrc.json Â» eslint-config-next/core-web-vitals Â» plugin:@next/next/core-web-vitals" and "../../.eslintrc Â» eslint-config-next Â» plugin:@next/next/recommended".
[34mwebapp:build: [0minfo  - Creating an optimized production build...
[34mwebapp:build: [0minfo  - Disabled SWC as replacement for Babel because of custom Babel configuration ".babelrc" https://nextjs.org/docs/messages/swc-disabled
[34mwebapp:build: [0mwarn  - Compiled with warnings
[34mwebapp:build: [0m
[34mwebapp:build: [0m../../node_modules/stripe/lib/utils.js
[34mwebapp:build: [0mModule not found: Can't resolve 'child_process' in '/home/nick/projects/ono/node_modules/stripe/lib'
[34mwebapp:build: [0m
[34mwebapp:build: [0mImport trace for requested module:
[34mwebapp:build: [0m../../node_modules/stripe/lib/stripe.js
[34mwebapp:build: [0m./src/common/server-utils.ts
[34mwebapp:build: [0m./src/modules/teams/server/db.ts
[34mwebapp:build: [0m./src/modules/teams/server/validation.ts
[34mwebapp:build: [0m./src/common/components/New-Team-Dialog.tsx
[34mwebapp:build: [0m./src/modules/pricing-page/Pricing-Cards.tsx
[34mwebapp:build: [0m./pages/pricing.tsx
[34mwebapp:build: [0m
[34mwebapp:build: [0minfo  - Collecting page data...
[34mwebapp:build: [0minfo  - Generating static pages (0/39)
[34mwebapp:build: [0m
[34mwebapp:build: [0minfo  - Generating static pages (9/39)
[34mwebapp:build: [0minfo  - Generating static pages (19/39)
[34mwebapp:build: [0minfo  - Generating static pages (29/39)
[34mwebapp:build: [0minfo  - Generating static pages (39/39)
[34mwebapp:build: [0minfo  - Finalizing page optimization...
[34mwebapp:build: [0m
[34mwebapp:build: [0mPage                                                               Size     First Load JS
[34mwebapp:build: [0mâ”Œ â—‹ /                                                              9.4 kB          556 kB
[34mwebapp:build: [0mâ”œ   /_app                                                          0 B             285 kB
[34mwebapp:build: [0mâ”œ â—‹ /404                                                           619 B           548 kB
[34mwebapp:build: [0mâ”œ Î» /api/alerts/invocations                                        0 B             285 kB
[34mwebapp:build: [0mâ”œ Î» /api/auth/[...nextauth]                                        0 B             285 kB
[34mwebapp:build: [0mâ”œ Î» /api/billing/checkout-session                                  0 B             285 kB
[34mwebapp:build: [0mâ”œ Î» /api/billing/customer-portal                                   0 B             285 kB
[34mwebapp:build: [0mâ”œ Î» /api/billing/stripe-webhooks                                   0 B             285 kB
[34mwebapp:build: [0mâ”œ Î» /api/integrations/discord                                      0 B             285 kB
[34mwebapp:build: [0mâ”œ Î» /api/integrations/discord/install-url                          0 B             285 kB
[34mwebapp:build: [0mâ”œ Î» /api/integrations/discord/test                                 0 B             285 kB
[34mwebapp:build: [0mâ”œ Î» /api/integrations/slack                                        0 B             285 kB
[34mwebapp:build: [0mâ”œ Î» /api/integrations/slack/install-url                            0 B             285 kB
[34mwebapp:build: [0mâ”œ Î» /api/integrations/slack/test                                   0 B             285 kB
[34mwebapp:build: [0mâ”œ Î» /api/projects                                                  0 B             285 kB
[34mwebapp:build: [0mâ”œ Î» /api/teams                                                     0 B             285 kB
[34mwebapp:build: [0mâ”œ Î» /api/teams/invites                                             0 B             285 kB
[34mwebapp:build: [0mâ”œ Î» /api/teams/members                                             0 B             285 kB
[34mwebapp:build: [0mâ”œ Î» /api/uptime/monitors                                           0 B             285 kB
[34mwebapp:build: [0mâ”œ Î» /api/uptime/statuses                                           0 B             285 kB
[34mwebapp:build: [0mâ”œ Î» /api/user                                                      0 B             285 kB
[34mwebapp:build: [0mâ”œ Î» /api/user/email-opt-in                                         0 B             285 kB
[34mwebapp:build: [0mâ”œ Î» /api/user/plan                                                 0 B             285 kB
[34mwebapp:build: [0mâ”œ Î» /api/user/slack-installations                                  0 B             285 kB
[34mwebapp:build: [0mâ”œ Î» /api/user/tz                                                   0 B             285 kB
[34mwebapp:build: [0mâ”œ Î» /api/user/webhooks                                             0 B             285 kB
[34mwebapp:build: [0mâ”œ Î» /api/webhooks                                                  0 B             285 kB
[34mwebapp:build: [0mâ”œ â—‹ /app (397 ms)                                                  3.41 kB         550 kB
[34mwebapp:build: [0mâ”œ â—‹ /app/integrations                                              1.08 kB         558 kB
[34mwebapp:build: [0mâ”œ â—‹ /app/projects/[projectId] (383 ms)                             279 B           576 kB
[34mwebapp:build: [0mâ”œ â—‹ /app/projects/[projectId]/settings                             3.17 kB         550 kB
[34mwebapp:build: [0mâ”œ â—‹ /app/projects/[projectId]/uptime                               291 B           606 kB
[34mwebapp:build: [0mâ”œ â—‹ /app/projects/[projectId]/uptime/[monitorId]                   1.15 kB         669 kB
[34mwebapp:build: [0mâ”œ â—‹ /app/settings                                                  1.2 kB          636 kB
[34mwebapp:build: [0mâ”œ â—‹ /auth/signin                                                   5.27 kB         552 kB
[34mwebapp:build: [0mâ”œ â— /blog (1240 ms)                                                1.83 kB         573 kB
[34mwebapp:build: [0mâ”œ â— /blog/posts/[[...slug]] (2804 ms)                              4.54 kB         342 kB
[34mwebapp:build: [0mâ”œ   â”œ /blog/posts/free-uptime-monitoring (1170 ms)
[34mwebapp:build: [0mâ”œ   â”œ /blog/posts/cost-of-downtime (723 ms)
[34mwebapp:build: [0mâ”œ   â”œ /blog/posts/implement-simple-uptime-monitor-in-aws (512 ms)
[34mwebapp:build: [0mâ”œ   â”” /blog/posts/time-to-first-byte-guide (399 ms)
[34mwebapp:build: [0mâ”œ â— /demo                                                          3.46 kB         551 kB
[34mwebapp:build: [0mâ”œ â— /demo/integrations                                             1.15 kB         558 kB
[34mwebapp:build: [0mâ”œ â— /docs/[[...slug]] (4750 ms)                                    14.7 kB         352 kB
[34mwebapp:build: [0mâ”œ   â”œ /docs/webhooks/uptime-monitor-status (847 ms)
[34mwebapp:build: [0mâ”œ   â”œ /docs/getting-started/introduction (614 ms)
[34mwebapp:build: [0mâ”œ   â”œ /docs/getting-started/quick-start (604 ms)
[34mwebapp:build: [0mâ”œ   â”œ /docs/teams/permissions (538 ms)
[34mwebapp:build: [0mâ”œ   â”œ /docs/getting-started/support (517 ms)
[34mwebapp:build: [0mâ”œ   â”œ /docs/uptime-monitor/intro (459 ms)
[34mwebapp:build: [0mâ”œ   â”œ /docs/uptime-monitor/up-condition-checks (416 ms)
[34mwebapp:build: [0mâ”œ   â”” [+2 more paths] (avg 378 ms)
[34mwebapp:build: [0mâ”œ â—‹ /integrations/[integration]                                    3.9 kB          576 kB
[34mwebapp:build: [0mâ”œ Î» /integrations/discord/callback                                 299 B           285 kB
[34mwebapp:build: [0mâ”œ Î» /integrations/slack/callback                                   296 B           285 kB
[34mwebapp:build: [0mâ”œ â—‹ /pricing                                                       4.25 kB         576 kB
[34mwebapp:build: [0mâ”œ â— /privacy (1057 ms)                                             1.94 kB         590 kB
[34mwebapp:build: [0mâ”œ â—‹ /teams/[teamId]                                                3.41 kB         550 kB
[34mwebapp:build: [0mâ”œ â—‹ /teams/[teamId]/integrations                                   1.1 kB          558 kB
[34mwebapp:build: [0mâ”œ â—‹ /teams/[teamId]/projects/[projectId]                           286 B           576 kB
[34mwebapp:build: [0mâ”œ â—‹ /teams/[teamId]/projects/[projectId]/settings                  3.16 kB         550 kB
[34mwebapp:build: [0mâ”œ â—‹ /teams/[teamId]/projects/[projectId]/uptime                    296 B           606 kB
[34mwebapp:build: [0mâ”œ â—‹ /teams/[teamId]/projects/[projectId]/uptime/[monitorId]        1.16 kB         669 kB
[34mwebapp:build: [0mâ”œ â—‹ /teams/[teamId]/settings                                       5.19 kB         640 kB
[34mwebapp:build: [0mâ”œ Î» /teams/new-member                                              907 B           548 kB
[34mwebapp:build: [0mâ”œ â— /tos (600 ms)                                                  1.93 kB         590 kB
[34mwebapp:build: [0mâ”” â—‹ /uptime                                                        532 B           548 kB
[34mwebapp:build: [0m+ First Load JS shared by all                                      285 kB
[34mwebapp:build: [0m  â”œ chunks/framework-45ce3d09104a2cae.js                           42.1 kB
[34mwebapp:build: [0m  â”œ chunks/main-4038ac5420c21c2c.js                                26.1 kB
[34mwebapp:build: [0m  â”œ chunks/pages/_app-4c3845257e397094.js                          215 kB
[34mwebapp:build: [0m  â”œ chunks/webpack-985a10fdf25c881b.js                             1.84 kB
[34mwebapp:build: [0m  â”” css/cfadf56da43c5bf4.css                                       3.87 kB
[34mwebapp:build: [0m
[34mwebapp:build: [0mÎ»  (Server)  server-side renders at runtime (uses getInitialProps or getServerSideProps)
[34mwebapp:build: [0mâ—‹  (Static)  automatically rendered as static HTML (uses no initial props)
[34mwebapp:build: [0mâ—  (SSG)     automatically generated as static HTML + JSON (uses getStaticProps)
[34mwebapp:build: [0m
[34mwebapp:build: [0m
[34mwebapp:build: [0m> webapp@0.1.0 postbuild
[34mwebapp:build: [0m> npx next-sitemap
[34mwebapp:build: [0m
[34mwebapp:build: [0mLoaded env from /home/nick/projects/ono/apps/webapp/.env.production.local
[34mwebapp:build: [0mâœ… [next-sitemap] Generated index sitemap and 1 sitemap(s)
[34mwebapp:build: [0m   â—‹ https://komonitor.com/sitemap.xml (index)
[34mwebapp:build: [0m   â—‹ https://komonitor.com/sitemap-0.xml 
